



OK
Warning: session_start(): Cannot send session cookie - headers already sent by (output started at /var/www/citations/index.php:3) in /var/www/citations/index.php on line 13

Warning: session_start(): Cannot send session cache limiter - headers already sent (output started at /var/www/citations/index.php:3) in /var/www/citations/index.php on line 13

Warning: Cannot modify header information - headers already sent by (output started at /var/www/citations/index.php:3) in /var/www/citations/index.php on line 30

OK
Warning: session_start(): Cannot send session cookie - headers already sent by (output started at /var/www/citations/index.php:3) in /var/www/citations/index.php on line 13

Warning: session_start(): Cannot send session cache limiter - headers already sent (output started at /var/www/citations/index.php:3) in /var/www/citations/index.php on line 13

Warning: Cannot modify header information - headers already sent by (output started at /var/www/citations/index.php:3) in /var/www/citations/index.php on line 30





"Il n'y a qu'à jeter un regard autour de soi pour constater qu'on s'efforce partout de plus en plus de tout ramener à l'uniformité, qu'il s'agisse des hommes eux-mêmes ou des choses au milieu desquelles ils vivent…", René Guénon, Le Règne de la Quantité et les Signes des Temps, 1945NULL
Graph returned an error: fb_exchange_token parameter not specified"Le langage politique est destiné à rendre vraisemblables les mensonges, respectables les meurtres, et à donner l’apparence de la solidité à ce qui n’est que vent.", George Orwell
Notice: Undefined index: name in /var/www/citations/vendor/facebook/php-sdk/src/Facebook/GraphNodes/Collection.php on line 201
User name: Posted with id: 340154846383112_341203406278256Statut mis à jour pour la citation num: 1"Il n'y a qu'à jeter un regard autour de soi pour constater qu'on s'efforce partout de plus en plus de tout ramener à l'uniformité, qu'il s'agisse des hommes eux-mêmes ou des choses au milieu desquelles ils vivent…", René Guénon, Le Règne de la Quantité et les Signes des Temps, 1945
Notice: Undefined index: name in /var/www/citations/vendor/facebook/php-sdk/src/Facebook/GraphNodes/Collection.php on line 201
User name: Posted with id: 340154846383112_341203509611579Statut mis à jour pour la citation num: 2"Au mythe de la femme enfermée et séparée (dont l'obligation de chasteté impliquait la chasteté de l'homme) s'est substitué le mythe de la femme ouverte et proche, toujours à disposition. Au triomphe de l'amitié entre hommes et de l'érection s'est substitué le triomphe du couple et de l'impuissance.", Pier Paolo Pasolini, Lettres luthériennes, 1976
Notice: Undefined index: name in /var/www/citations/vendor/facebook/php-sdk/src/Facebook/GraphNodes/Collection.php on line 201
User name: Posted with id: 340154846383112_341203652944898Statut mis à jour pour la citation num: 3"Tout le rêve de la démocratie est d'élever le prolétaire au niveau de bêtise du bourgeois. Le rêve est en partie accompli. Il lit les mêmes journaux et a les mêmes passions", Gustave Flaubert, Correspondance avec Georges Sand, 1871
Notice: Undefined index: name in /var/www/citations/vendor/facebook/php-sdk/src/Facebook/GraphNodes/Collection.php on line 201
User name: Posted with id: 340154846383112_341204022944861Statut mis à jour pour la citation num: 4Could not open input file: /var/www/citations/login-callback_edit.php
Could not open input file: /var/www/citations/login-callback_edit.php
Could not open input file: /var/www/citations/login-callback_edit.php
Could not open input file: /var/www/citations/login-callback_edit.php
Could not open input file: /var/www/citations/login-callback_edit.php
Could not open input file: /var/www/citations/login-callback_edit.php
Could not open input file: /var/www/citations/login-callback_edit.php
Could not open input file: /var/www/citations/login-callback_edit.php
Could not open input file: /var/www/citations/login-callback_edit.php
Could not open input file: /var/www/citations/login-callback_edit.php
Could not open input file: /var/www/citations/login-callback_edit.php
Could not open input file: /var/www/citations/login-callback_edit.php
Could not open input file: /var/www/citations/login-callback_edit.php
Could not open input file: /var/www/citations/login-callback_edit.php
Could not open input file: /var/www/citations/login-callback_edit.php
Could not open input file: /var/www/citations/login-callback_edit.php
Could not open input file: /var/www/citations/login-callback_edit.php
Could not open input file: /var/www/citations/login-callback_edit.php
Could not open input file: /var/www/citations/login-callback_edit.php
Could not open input file: /var/www/citations/login-callback_edit.php
Could not open input file: /var/www/citations/login-callback_edit.php
Could not open input file: /var/www/citations/login-callback_edit.php
Could not open input file: /var/www/citations/login-callback_edit.php
Could not open input file: /var/www/citations/login-callback_edit.php
Could not open input file: /var/www/citations/login-callback_edit.php
Could not open input file: /var/www/citations/login-callback_edit.php
Could not open input file: /var/www/citations/login-callback_edit.php
Could not open input file: /var/www/citations/login-callback_edit.php
Could not open input file: /var/www/citations/login-callback_edit.php
Could not open input file: /var/www/citations/login-callback_edit.php
Could not open input file: /var/www/citations/login-callback_edit.php
Could not open input file: /var/www/citations/login-callback_edit.php
Could not open input file: /var/www/citations/login-callback_edit.php
Could not open input file: /var/www/citations/login-callback_edit.php
Could not open input file: /var/www/citations/login-callback_edit.php
Could not open input file: /var/www/citations/login-callback_edit.php
Could not open input file: /var/www/citations/login-callback_edit.php
Could not open input file: /var/www/citations/login-callback_edit.php
Could not open input file: /var/www/citations/login-callback_edit.php
Could not open input file: /var/www/citations/login-callback_edit.php
"Si le monde ne touche pas à sa fin, il a atteint une étape décisive dans son histoire […] Cela va requérir de nous un embrasement spirituel. Il nous faudra nous hisser à une nouvelle hauteur de vue, à une nouvelle conception de la vie, où notre nature physique ne sera pas maudite, comme elle a pu l’être au Moyen Âge, mais, ce qui est bien plus important, où notre être spirituel ne sera pas non plus piétiné, comme il le fut à l’ère moderne.", Alexandre Soljenitsyne, Extrait d'un discours prononcé à Harvard, 1978NULL
Graph returned an error: fb_exchange_token parameter not specified"Si le monde ne touche pas à sa fin, il a atteint une étape décisive dans son histoire […] Cela va requérir de nous un embrasement spirituel. Il nous faudra nous hisser à une nouvelle hauteur de vue, à une nouvelle conception de la vie, où notre nature physique ne sera pas maudite, comme elle a pu l’être au Moyen Âge, mais, ce qui est bien plus important, où notre être spirituel ne sera pas non plus piétiné, comme il le fut à l’ère moderne.", Alexandre Soljenitsyne, Extrait d'un discours prononcé à Harvard, 1978NULL
Graph returned an error: fb_exchange_token parameter not specified"Si le monde ne touche pas à sa fin, il a atteint une étape décisive dans son histoire […] Cela va requérir de nous un embrasement spirituel. Il nous faudra nous hisser à une nouvelle hauteur de vue, à une nouvelle conception de la vie, où notre nature physique ne sera pas maudite, comme elle a pu l’être au Moyen Âge, mais, ce qui est bien plus important, où notre être spirituel ne sera pas non plus piétiné, comme il le fut à l’ère moderne.", Alexandre Soljenitsyne, Extrait d'un discours prononcé à Harvard, 1978NULL
Graph returned an error: fb_exchange_token parameter not specified"Si le monde ne touche pas à sa fin, il a atteint une étape décisive dans son histoire […] Cela va requérir de nous un embrasement spirituel. Il nous faudra nous hisser à une nouvelle hauteur de vue, à une nouvelle conception de la vie, où notre nature physique ne sera pas maudite, comme elle a pu l’être au Moyen Âge, mais, ce qui est bien plus important, où notre être spirituel ne sera pas non plus piétiné, comme il le fut à l’ère moderne.", Alexandre Soljenitsyne, Extrait d'un discours prononcé à Harvard, 1978NULL
Graph returned an error: fb_exchange_token parameter not specified"Si le monde ne touche pas à sa fin, il a atteint une étape décisive dans son histoire […] Cela va requérir de nous un embrasement spirituel. Il nous faudra nous hisser à une nouvelle hauteur de vue, à une nouvelle conception de la vie, où notre nature physique ne sera pas maudite, comme elle a pu l’être au Moyen Âge, mais, ce qui est bien plus important, où notre être spirituel ne sera pas non plus piétiné, comme il le fut à l’ère moderne.", Alexandre Soljenitsyne, Extrait d'un discours prononcé à Harvard, 1978NULL
Graph returned an error: fb_exchange_token parameter not specified"Si le monde ne touche pas à sa fin, il a atteint une étape décisive dans son histoire […] Cela va requérir de nous un embrasement spirituel. Il nous faudra nous hisser à une nouvelle hauteur de vue, à une nouvelle conception de la vie, où notre nature physique ne sera pas maudite, comme elle a pu l’être au Moyen Âge, mais, ce qui est bien plus important, où notre être spirituel ne sera pas non plus piétiné, comme il le fut à l’ère moderne.", Alexandre Soljenitsyne, Extrait d'un discours prononcé à Harvard, 1978NULL
Graph returned an error: fb_exchange_token parameter not specified"Si le monde ne touche pas à sa fin, il a atteint une étape décisive dans son histoire […] Cela va requérir de nous un embrasement spirituel. Il nous faudra nous hisser à une nouvelle hauteur de vue, à une nouvelle conception de la vie, où notre nature physique ne sera pas maudite, comme elle a pu l’être au Moyen Âge, mais, ce qui est bien plus important, où notre être spirituel ne sera pas non plus piétiné, comme il le fut à l’ère moderne.", Alexandre Soljenitsyne, Extrait d'un discours prononcé à Harvard, 1978NULL
Graph returned an error: fb_exchange_token parameter not specified"Si le monde ne touche pas à sa fin, il a atteint une étape décisive dans son histoire […] Cela va requérir de nous un embrasement spirituel. Il nous faudra nous hisser à une nouvelle hauteur de vue, à une nouvelle conception de la vie, où notre nature physique ne sera pas maudite, comme elle a pu l’être au Moyen Âge, mais, ce qui est bien plus important, où notre être spirituel ne sera pas non plus piétiné, comme il le fut à l’ère moderne.", Alexandre Soljenitsyne, Extrait d'un discours prononcé à Harvard, 1978NULL
Graph returned an error: fb_exchange_token parameter not specified"Si le monde ne touche pas à sa fin, il a atteint une étape décisive dans son histoire […] Cela va requérir de nous un embrasement spirituel. Il nous faudra nous hisser à une nouvelle hauteur de vue, à une nouvelle conception de la vie, où notre nature physique ne sera pas maudite, comme elle a pu l’être au Moyen Âge, mais, ce qui est bien plus important, où notre être spirituel ne sera pas non plus piétiné, comme il le fut à l’ère moderne.", Alexandre Soljenitsyne, Extrait d'un discours prononcé à Harvard, 1978NULL
Graph returned an error: fb_exchange_token parameter not specified"Si le monde ne touche pas à sa fin, il a atteint une étape décisive dans son histoire […] Cela va requérir de nous un embrasement spirituel. Il nous faudra nous hisser à une nouvelle hauteur de vue, à une nouvelle conception de la vie, où notre nature physique ne sera pas maudite, comme elle a pu l’être au Moyen Âge, mais, ce qui est bien plus important, où notre être spirituel ne sera pas non plus piétiné, comme il le fut à l’ère moderne.", Alexandre Soljenitsyne, Extrait d'un discours prononcé à Harvard, 1978NULL
Graph returned an error: fb_exchange_token parameter not specified"Si le monde ne touche pas à sa fin, il a atteint une étape décisive dans son histoire […] Cela va requérir de nous un embrasement spirituel. Il nous faudra nous hisser à une nouvelle hauteur de vue, à une nouvelle conception de la vie, où notre nature physique ne sera pas maudite, comme elle a pu l’être au Moyen Âge, mais, ce qui est bien plus important, où notre être spirituel ne sera pas non plus piétiné, comme il le fut à l’ère moderne.", Alexandre Soljenitsyne, Extrait d'un discours prononcé à Harvard, 1978NULL
Graph returned an error: fb_exchange_token parameter not specified"Si le monde ne touche pas à sa fin, il a atteint une étape décisive dans son histoire […] Cela va requérir de nous un embrasement spirituel. Il nous faudra nous hisser à une nouvelle hauteur de vue, à une nouvelle conception de la vie, où notre nature physique ne sera pas maudite, comme elle a pu l’être au Moyen Âge, mais, ce qui est bien plus important, où notre être spirituel ne sera pas non plus piétiné, comme il le fut à l’ère moderne.", Alexandre Soljenitsyne, Extrait d'un discours prononcé à Harvard, 1978NULL
Graph returned an error: fb_exchange_token parameter not specified"Si le monde ne touche pas à sa fin, il a atteint une étape décisive dans son histoire […] Cela va requérir de nous un embrasement spirituel. Il nous faudra nous hisser à une nouvelle hauteur de vue, à une nouvelle conception de la vie, où notre nature physique ne sera pas maudite, comme elle a pu l’être au Moyen Âge, mais, ce qui est bien plus important, où notre être spirituel ne sera pas non plus piétiné, comme il le fut à l’ère moderne.", Alexandre Soljenitsyne, Extrait d'un discours prononcé à Harvard, 1978NULL
Graph returned an error: fb_exchange_token parameter not specified"Si le monde ne touche pas à sa fin, il a atteint une étape décisive dans son histoire […] Cela va requérir de nous un embrasement spirituel. Il nous faudra nous hisser à une nouvelle hauteur de vue, à une nouvelle conception de la vie, où notre nature physique ne sera pas maudite, comme elle a pu l’être au Moyen Âge, mais, ce qui est bien plus important, où notre être spirituel ne sera pas non plus piétiné, comme il le fut à l’ère moderne.", Alexandre Soljenitsyne, Extrait d'un discours prononcé à Harvard, 1978NULL
Graph returned an error: fb_exchange_token parameter not specified"Si le monde ne touche pas à sa fin, il a atteint une étape décisive dans son histoire […] Cela va requérir de nous un embrasement spirituel. Il nous faudra nous hisser à une nouvelle hauteur de vue, à une nouvelle conception de la vie, où notre nature physique ne sera pas maudite, comme elle a pu l’être au Moyen Âge, mais, ce qui est bien plus important, où notre être spirituel ne sera pas non plus piétiné, comme il le fut à l’ère moderne.", Alexandre Soljenitsyne, Extrait d'un discours prononcé à Harvard, 1978NULL
Graph returned an error: fb_exchange_token parameter not specified"Si le monde ne touche pas à sa fin, il a atteint une étape décisive dans son histoire […] Cela va requérir de nous un embrasement spirituel. Il nous faudra nous hisser à une nouvelle hauteur de vue, à une nouvelle conception de la vie, où notre nature physique ne sera pas maudite, comme elle a pu l’être au Moyen Âge, mais, ce qui est bien plus important, où notre être spirituel ne sera pas non plus piétiné, comme il le fut à l’ère moderne.", Alexandre Soljenitsyne, Extrait d'un discours prononcé à Harvard, 1978NULL
Graph returned an error: fb_exchange_token parameter not specified"Si le monde ne touche pas à sa fin, il a atteint une étape décisive dans son histoire […] Cela va requérir de nous un embrasement spirituel. Il nous faudra nous hisser à une nouvelle hauteur de vue, à une nouvelle conception de la vie, où notre nature physique ne sera pas maudite, comme elle a pu l’être au Moyen Âge, mais, ce qui est bien plus important, où notre être spirituel ne sera pas non plus piétiné, comme il le fut à l’ère moderne.", Alexandre Soljenitsyne, Extrait d'un discours prononcé à Harvard, 1978NULL
Graph returned an error: fb_exchange_token parameter not specified"Si le monde ne touche pas à sa fin, il a atteint une étape décisive dans son histoire […] Cela va requérir de nous un embrasement spirituel. Il nous faudra nous hisser à une nouvelle hauteur de vue, à une nouvelle conception de la vie, où notre nature physique ne sera pas maudite, comme elle a pu l’être au Moyen Âge, mais, ce qui est bien plus important, où notre être spirituel ne sera pas non plus piétiné, comme il le fut à l’ère moderne.", Alexandre Soljenitsyne, Extrait d'un discours prononcé à Harvard, 1978NULL
Graph returned an error: fb_exchange_token parameter not specified"Si le monde ne touche pas à sa fin, il a atteint une étape décisive dans son histoire […] Cela va requérir de nous un embrasement spirituel. Il nous faudra nous hisser à une nouvelle hauteur de vue, à une nouvelle conception de la vie, où notre nature physique ne sera pas maudite, comme elle a pu l’être au Moyen Âge, mais, ce qui est bien plus important, où notre être spirituel ne sera pas non plus piétiné, comme il le fut à l’ère moderne.", Alexandre Soljenitsyne, Extrait d'un discours prononcé à Harvard, 1978NULL
Graph returned an error: fb_exchange_token parameter not specified"Si le monde ne touche pas à sa fin, il a atteint une étape décisive dans son histoire […] Cela va requérir de nous un embrasement spirituel. Il nous faudra nous hisser à une nouvelle hauteur de vue, à une nouvelle conception de la vie, où notre nature physique ne sera pas maudite, comme elle a pu l’être au Moyen Âge, mais, ce qui est bien plus important, où notre être spirituel ne sera pas non plus piétiné, comme il le fut à l’ère moderne.", Alexandre Soljenitsyne, Extrait d'un discours prononcé à Harvard, 1978NULL
NULL
Graph returned an error: fb_exchange_token parameter not specified"Si le monde ne touche pas à sa fin, il a atteint une étape décisive dans son histoire […] Cela va requérir de nous un embrasement spirituel. Il nous faudra nous hisser à une nouvelle hauteur de vue, à une nouvelle conception de la vie, où notre nature physique ne sera pas maudite, comme elle a pu l’être au Moyen Âge, mais, ce qui est bien plus important, où notre être spirituel ne sera pas non plus piétiné, comme il le fut à l’ère moderne.", Alexandre Soljenitsyne, Extrait d'un discours prononcé à Harvard, 1978NULL
NULL
Graph returned an error: fb_exchange_token parameter not specified"Si le monde ne touche pas à sa fin, il a atteint une étape décisive dans son histoire […] Cela va requérir de nous un embrasement spirituel. Il nous faudra nous hisser à une nouvelle hauteur de vue, à une nouvelle conception de la vie, où notre nature physique ne sera pas maudite, comme elle a pu l’être au Moyen Âge, mais, ce qui est bien plus important, où notre être spirituel ne sera pas non plus piétiné, comme il le fut à l’ère moderne.", Alexandre Soljenitsyne, Extrait d'un discours prononcé à Harvard, 1978object(Facebook\Helpers\FacebookRedirectLoginHelper)#9 (4) {
  ["oAuth2Client":protected]=>
  object(Facebook\Authentication\OAuth2Client)#10 (4) {
    ["app":protected]=>
    object(Facebook\FacebookApp)#5 (2) {
      ["id":protected]=>
      string(16) "1326861237345505"
      ["secret":protected]=>
      string(32) "18aa7d983b097ba2a3120a3867e58a5d"
    }
    ["client":protected]=>
    object(Facebook\FacebookClient)#6 (2) {
      ["enableBetaMode":protected]=>
      bool(false)
      ["httpClientHandler":protected]=>
      object(Facebook\HttpClients\FacebookStreamHttpClient)#7 (1) {
        ["facebookStream":protected]=>
        object(Facebook\HttpClients\FacebookStream)#8 (2) {
          ["stream":protected]=>
          NULL
          ["responseHeaders":protected]=>
          NULL
        }
      }
    }
    ["graphVersion":protected]=>
    string(4) "v2.8"
    ["lastRequest":protected]=>
    NULL
  }
  ["urlDetectionHandler":protected]=>
  object(Facebook\Url\FacebookUrlDetectionHandler)#12 (0) {
  }
  ["persistentDataHandler":protected]=>
  object(Facebook\PersistentData\FacebookSessionPersistentDataHandler)#11 (1) {
    ["sessionPrefix":protected]=>
    string(6) "FBRLH_"
  }
  ["pseudoRandomStringGenerator":protected]=>
  object(Facebook\PseudoRandomString\OpenSslPseudoRandomStringGenerator)#13 (0) {
  }
}
NULL
Graph returned an error: fb_exchange_token parameter not specified"Si le monde ne touche pas à sa fin, il a atteint une étape décisive dans son histoire […] Cela va requérir de nous un embrasement spirituel. Il nous faudra nous hisser à une nouvelle hauteur de vue, à une nouvelle conception de la vie, où notre nature physique ne sera pas maudite, comme elle a pu l’être au Moyen Âge, mais, ce qui est bien plus important, où notre être spirituel ne sera pas non plus piétiné, comme il le fut à l’ère moderne.", Alexandre Soljenitsyne, Extrait d'un discours prononcé à Harvard, 1978NULL
Graph returned an error: fb_exchange_token parameter not specified"Si le monde ne touche pas à sa fin, il a atteint une étape décisive dans son histoire […] Cela va requérir de nous un embrasement spirituel. Il nous faudra nous hisser à une nouvelle hauteur de vue, à une nouvelle conception de la vie, où notre nature physique ne sera pas maudite, comme elle a pu l’être au Moyen Âge, mais, ce qui est bien plus important, où notre être spirituel ne sera pas non plus piétiné, comme il le fut à l’ère moderne.", Alexandre Soljenitsyne, Extrait d'un discours prononcé à Harvard, 1978NULL
Graph returned an error: fb_exchange_token parameter not specified"Si le monde ne touche pas à sa fin, il a atteint une étape décisive dans son histoire […] Cela va requérir de nous un embrasement spirituel. Il nous faudra nous hisser à une nouvelle hauteur de vue, à une nouvelle conception de la vie, où notre nature physique ne sera pas maudite, comme elle a pu l’être au Moyen Âge, mais, ce qui est bien plus important, où notre être spirituel ne sera pas non plus piétiné, comme il le fut à l’ère moderne.", Alexandre Soljenitsyne, Extrait d'un discours prononcé à Harvard, 1978NULL
Graph returned an error: fb_exchange_token parameter not specified"Si le monde ne touche pas à sa fin, il a atteint une étape décisive dans son histoire […] Cela va requérir de nous un embrasement spirituel. Il nous faudra nous hisser à une nouvelle hauteur de vue, à une nouvelle conception de la vie, où notre nature physique ne sera pas maudite, comme elle a pu l’être au Moyen Âge, mais, ce qui est bien plus important, où notre être spirituel ne sera pas non plus piétiné, comme il le fut à l’ère moderne.", Alexandre Soljenitsyne, Extrait d'un discours prononcé à Harvard, 1978NULL
Graph returned an error: fb_exchange_token parameter not specified"Si le monde ne touche pas à sa fin, il a atteint une étape décisive dans son histoire […] Cela va requérir de nous un embrasement spirituel. Il nous faudra nous hisser à une nouvelle hauteur de vue, à une nouvelle conception de la vie, où notre nature physique ne sera pas maudite, comme elle a pu l’être au Moyen Âge, mais, ce qui est bien plus important, où notre être spirituel ne sera pas non plus piétiné, comme il le fut à l’ère moderne.", Alexandre Soljenitsyne, Extrait d'un discours prononcé à Harvard, 1978NULL
Graph returned an error: fb_exchange_token parameter not specified"Si le monde ne touche pas à sa fin, il a atteint une étape décisive dans son histoire […] Cela va requérir de nous un embrasement spirituel. Il nous faudra nous hisser à une nouvelle hauteur de vue, à une nouvelle conception de la vie, où notre nature physique ne sera pas maudite, comme elle a pu l’être au Moyen Âge, mais, ce qui est bien plus important, où notre être spirituel ne sera pas non plus piétiné, comme il le fut à l’ère moderne.", Alexandre Soljenitsyne, Extrait d'un discours prononcé à Harvard, 1978NULL
Graph returned an error: fb_exchange_token parameter not specified" Le déracinement déracine tout, sauf le besoin de racines.", Christopher Lasch, Culture de masse ou culture populaire ? , 1981Posted with id: 340154846383112Statut mis à jour pour la citation num: 2"Les Français comptent toujours, pour se sauver, en un pouvoir qu'ils détestent, mais se sauver par eux-mêmes est la dernière chose à laquelle ils pensent.", Alexis de Tocqueville, De la démocratie en Amérique, 1835Posted with id: 340154846383112Statut mis à jour pour la citation num: 3"Montrez-moi quelques part des conscience plus vénales, des esprits plus indifférents, des âmes plus pourries que dans la caste lettrée ! Qui est ce qui, depuis trente ans, nous a versé à pleins bords le relâchement des mœurs, le mépris du travail, le dégoût du devoir, l'outrage à la famille, si ce n'est la gent littéraire ?", Pierre-Joseph Proudhon, 1848Posted with id: 340154846383112Statut mis à jour pour la citation num: 4"Si le monde ne touche pas à sa fin, il a atteint une étape décisive dans son histoire […] Cela va requérir de nous un embrasement spirituel. Il nous faudra nous hisser à une nouvelle hauteur de vue, à une nouvelle conception de la vie, où notre nature physique ne sera pas maudite, comme elle a pu l’être au Moyen Âge, mais, ce qui est bien plus important, où notre être spirituel ne sera pas non plus piétiné, comme il le fut à l’ère moderne.", Alexandre Soljenitsyne, Extrait d'un discours prononcé à Harvard, 1978Graph returned an error: Error validating access token: Session has expired on Tuesday, 07-Feb-17 07:00:00 PST. The current time is Tuesday, 07-Feb-17 07:00:02 PST." Le déracinement déracine tout, sauf le besoin de racines.", Christopher Lasch, Culture de masse ou culture populaire ? , 1981Graph returned an error: Error validating access token: Session has expired on Tuesday, 07-Feb-17 07:00:00 PST. The current time is Tuesday, 07-Feb-17 09:15:01 PST." Le déracinement déracine tout, sauf le besoin de racines.", Christopher Lasch, Culture de masse ou culture populaire ? , 1981NULL
Graph returned an error: Error validating access token: Session has expired on Tuesday, 07-Feb-17 11:00:00 PST. The current time is Tuesday, 07-Feb-17 11:00:01 PST." Le déracinement déracine tout, sauf le besoin de racines.", Christopher Lasch, Culture de masse ou culture populaire ? , 1981NULL
Graph returned an error: Error validating access token: Session has expired on Tuesday, 07-Feb-17 11:00:00 PST. The current time is Tuesday, 07-Feb-17 12:00:02 PST." Le déracinement déracine tout, sauf le besoin de racines.", Christopher Lasch, Culture de masse ou culture populaire ? , 1981NULL
Graph returned an error: Error validating access token: Session has expired on Tuesday, 07-Feb-17 11:00:00 PST. The current time is Tuesday, 07-Feb-17 13:00:02 PST." Le déracinement déracine tout, sauf le besoin de racines.", Christopher Lasch, Culture de masse ou culture populaire ? , 1981NULL
Graph returned an error: Error validating access token: Session has expired on Tuesday, 07-Feb-17 11:00:00 PST. The current time is Tuesday, 07-Feb-17 14:00:02 PST." Le déracinement déracine tout, sauf le besoin de racines.", Christopher Lasch, Culture de masse ou culture populaire ? , 1981NULL
Graph returned an error: Error validating access token: Session has expired on Tuesday, 07-Feb-17 11:00:00 PST. The current time is Tuesday, 07-Feb-17 15:00:02 PST." Le déracinement déracine tout, sauf le besoin de racines.", Christopher Lasch, Culture de masse ou culture populaire ? , 1981NULL
Graph returned an error: Error validating access token: Session has expired on Tuesday, 07-Feb-17 11:00:00 PST. The current time is Tuesday, 07-Feb-17 16:00:02 PST." Le déracinement déracine tout, sauf le besoin de racines.", Christopher Lasch, Culture de masse ou culture populaire ? , 1981NULL
Graph returned an error: Error validating access token: Session has expired on Tuesday, 07-Feb-17 11:00:00 PST. The current time is Tuesday, 07-Feb-17 17:00:02 PST." Le déracinement déracine tout, sauf le besoin de racines.", Christopher Lasch, Culture de masse ou culture populaire ? , 1981NULL
Graph returned an error: Error validating access token: Session has expired on Tuesday, 07-Feb-17 11:00:00 PST. The current time is Tuesday, 07-Feb-17 18:00:02 PST." Le déracinement déracine tout, sauf le besoin de racines.", Christopher Lasch, Culture de masse ou culture populaire ? , 1981NULL
Graph returned an error: Error validating access token: Session has expired on Tuesday, 07-Feb-17 11:00:00 PST. The current time is Tuesday, 07-Feb-17 19:00:01 PST." Le déracinement déracine tout, sauf le besoin de racines.", Christopher Lasch, Culture de masse ou culture populaire ? , 1981NULL
Graph returned an error: Error validating access token: Session has expired on Tuesday, 07-Feb-17 11:00:00 PST. The current time is Tuesday, 07-Feb-17 20:00:01 PST." Le déracinement déracine tout, sauf le besoin de racines.", Christopher Lasch, Culture de masse ou culture populaire ? , 1981NULL
Graph returned an error: Error validating access token: Session has expired on Tuesday, 07-Feb-17 11:00:00 PST. The current time is Tuesday, 07-Feb-17 21:00:01 PST." Le déracinement déracine tout, sauf le besoin de racines.", Christopher Lasch, Culture de masse ou culture populaire ? , 1981NULL
Graph returned an error: Error validating access token: Session has expired on Tuesday, 07-Feb-17 11:00:00 PST. The current time is Tuesday, 07-Feb-17 22:00:02 PST." Le déracinement déracine tout, sauf le besoin de racines.", Christopher Lasch, Culture de masse ou culture populaire ? , 1981NULL
Graph returned an error: Error validating access token: Session has expired on Tuesday, 07-Feb-17 11:00:00 PST. The current time is Tuesday, 07-Feb-17 23:00:02 PST." Le déracinement déracine tout, sauf le besoin de racines.", Christopher Lasch, Culture de masse ou culture populaire ? , 1981NULL
Graph returned an error: Error validating access token: Session has expired on Tuesday, 07-Feb-17 11:00:00 PST. The current time is Wednesday, 08-Feb-17 00:00:01 PST." Le déracinement déracine tout, sauf le besoin de racines.", Christopher Lasch, Culture de masse ou culture populaire ? , 1981
Catchable fatal error: Argument 1 passed to Facebook\Helpers\FacebookRedirectLoginHelper::__construct() must be an instance of Facebook\Authentication\OAuth2Client, string given, called in /var/www/citations/login-callback_edit.php on line 64 and defined in /var/www/citations/vendor/facebook/php-sdk/src/Facebook/Helpers/FacebookRedirectLoginHelper.php on line 77
" Le déracinement déracine tout, sauf le besoin de racines.", Christopher Lasch, Culture de masse ou culture populaire ? , 1981NULL
NULL
Graph returned an error: fb_exchange_token parameter not specified"Si le monde ne touche pas à sa fin, il a atteint une étape décisive dans son histoire […] Cela va requérir de nous un embrasement spirituel. Il nous faudra nous hisser à une nouvelle hauteur de vue, à une nouvelle conception de la vie, où notre nature physique ne sera pas maudite, comme elle a pu l’être au Moyen Âge, mais, ce qui est bien plus important, où notre être spirituel ne sera pas non plus piétiné, comme il le fut à l’ère moderne.", Alexandre Soljenitsyne, Extrait d'un discours prononcé à Harvard, 1978Posted with id: 340154846383112Statut mis à jour pour la citation num: 1" Le déracinement déracine tout, sauf le besoin de racines.", Christopher Lasch, Culture de masse ou culture populaire ? , 1981Posted with id: 340154846383112Statut mis à jour pour la citation num: 2"Les Français comptent toujours, pour se sauver, en un pouvoir qu'ils détestent, mais se sauver par eux-mêmes est la dernière chose à laquelle ils pensent.", Alexis de Tocqueville, De la démocratie en Amérique, 1835Posted with id: 340154846383112Statut mis à jour pour la citation num: 3" Le déracinement déracine tout, sauf le besoin de racines.", Christopher Lasch, Culture de masse ou culture populaire ? , 1981Posted with id: 340154846383112Statut mis à jour pour la citation num: 2"Montrez-moi quelques part des conscience plus vénales, des esprits plus indifférents, des âmes plus pourries que dans la caste lettrée ! Qui est ce qui, depuis trente ans, nous a versé à pleins bords le relâchement des mœurs, le mépris du travail, le dégoût du devoir, l'outrage à la famille, si ce n'est la gent littéraire ?", Pierre-Joseph Proudhon, 1848Posted with id: 340154846383112Statut mis à jour pour la citation num: 4"Chacun porte en soi sa conception du monde dont il ne peut se défaire si aisément.", Henri Poincarré, La Science et l'hypothèse, 1908Posted with id: 340154846383112Statut mis à jour pour la citation num: 5"La bourgeoisie a dépouillé de leur auréole toutes les activités tenues jusqu’ici pour vénérables et considérées avec une piété mêlée de crainte. Elle a transformé le médecin, le juriste, le prêtre, le poète, l’homme de science, en salariés à ses gages.", Karl Marx, Le manifeste du parti communiste, 1848Posted with id: 340154846383112Statut mis à jour pour la citation num: 6"Lorsque les pères s’habituent à laisser faire leurs enfants,
lorsque les fils ne tiennent plus compte des paroles des pères,
lorsque les maîtres tremblent devant leurs élèves, et préfèrent les flatter, lorsque finalement les jeunes méprisent les lois parce qu’ils ne reconnaissent plus, au dessus d’eux, l’autorité de rien ni de personne, alors c’est là, en toute beauté et en toute jeunesse, le début de la tyrannie. ", Platon, La République, 380 av. J.-C.Posted with id: 340154846383112Statut mis à jour pour la citation num: 9"Un peu d'internationalisme éloigne de la patrie beaucoup d'internationalisme y ramène. Un peu de patriotisme éloigne de l'Internationale beaucoup de patriotisme y ramène.", Jean Jaurès, L'Armée nouvelle, 1910Posted with id: 340154846383112Statut mis à jour pour la citation num: 10"Sans les religions, les sciences n'eussent pas existé, car la tête humaine n'aurait pas été habituée à s'écarter de l'apparence immédiate et constante qui lui définit la réalité.", Paul Valéry, Analecta, 1935Posted with id: 340154846383112Statut mis à jour pour la citation num: 14"C'est bizarre à dire : il est vrai que les puissants ont été dépassés par la réalité, avec leur pouvoir clérical-fasciste qui leur colle à la peau comme un masque ridicule mais les représentants de l'opposition ont été dépassés eux aussi par la réalité, avec sur leur peau, comme un masque ridicule, leur progressisme et leur tolérance.", Pier Paolo Pasolini, Lettres luthériennes, 1976Posted with id: 340154846383112Statut mis à jour pour la citation num: 15"Il est impératif que nous revoyions à la hausse l’échelle de nos valeurs humaines. Sa pauvreté actuelle est effarante. Ce n’est que par un mouvement volontaire de modération de nos passions, sereine et acceptée par nous, que l’humanité peut s’élever au-dessus du courant de matérialisme qui emprisonne le monde.", Alexandre Soljenitsyne, Extrait d'un discours prononcé à Harvard, 1978Posted with id: 340154846383112Statut mis à jour pour la citation num: 22